<?xml version="1.0" encoding="UTF-8"?>
<!-- Generated by org.testng.reporters.JUnitReportReporter -->
<testsuite hostname="TANU" name="com.demo.testscripts.TC_001" tests="2" failures="0" timestamp="1 Feb 2017 06:19:24 GMT" time="2.331" errors="0">
  <testcase name="Post" time="0.471" classname="com.demo.testscripts.TC_001"/>
  <testcase name="Get" time="1.860" classname="com.demo.testscripts.TC_001"/>
</testsuite> <!-- com.demo.testscripts.TC_001 -->
