<?xml version="1.0" encoding="UTF-8"?>
<!-- Generated by org.testng.reporters.JUnitReportReporter -->
<testsuite hostname="TANU" name="com.Mahesh.testscripts.TC_001" tests="2" failures="0" timestamp="1 Feb 2017 17:05:32 GMT" time="2.743" errors="0">
  <testcase name="Post" time="0.550" classname="com.Mahesh.testscripts.TC_001"/>
  <testcase name="Get" time="2.193" classname="com.Mahesh.testscripts.TC_001"/>
</testsuite> <!-- com.Mahesh.testscripts.TC_001 -->
