<?xml version="1.0" encoding="UTF-8"?>
<!-- Generated by org.testng.reporters.JUnitReportReporter -->
<testsuite hostname="TANU" name="com.Mahesh.testscripts.TC_001" tests="2" failures="0" timestamp="1 Feb 2017 21:17:03 GMT" time="1.971" errors="0">
  <testcase name="Post" time="0.346" classname="com.Mahesh.testscripts.TC_001"/>
  <testcase name="Get" time="1.625" classname="com.Mahesh.testscripts.TC_001"/>
</testsuite> <!-- com.Mahesh.testscripts.TC_001 -->
